0 info it worked if it ends with ok
1 verbose cli [ 'D:\\Program Files\\nodejs\\node.exe',
1 verbose cli   'C:\\Users\\renhongl\\AppData\\Roaming\\npm\\node_modules\\npm\\bin\\npm-cli.js',
1 verbose cli   'run',
1 verbose cli   'webpack' ]
2 info using npm@4.0.5
3 info using node@v6.9.5
4 verbose config Skipping project config: C:\Users\renhongl/.npmrc. (matches userconfig)
5 verbose stack Error: missing script: webpack
5 verbose stack     at run (C:\Users\renhongl\AppData\Roaming\npm\node_modules\npm\lib\run-script.js:151:19)
5 verbose stack     at C:\Users\renhongl\AppData\Roaming\npm\node_modules\npm\lib\run-script.js:61:5
5 verbose stack     at C:\Users\renhongl\AppData\Roaming\npm\node_modules\npm\node_modules\read-package-json\read-json.js:356:5
5 verbose stack     at checkBinReferences_ (C:\Users\renhongl\AppData\Roaming\npm\node_modules\npm\node_modules\read-package-json\read-json.js:320:45)
5 verbose stack     at final (C:\Users\renhongl\AppData\Roaming\npm\node_modules\npm\node_modules\read-package-json\read-json.js:354:3)
5 verbose stack     at then (C:\Users\renhongl\AppData\Roaming\npm\node_modules\npm\node_modules\read-package-json\read-json.js:124:5)
5 verbose stack     at C:\Users\renhongl\AppData\Roaming\npm\node_modules\npm\node_modules\read-package-json\read-json.js:243:12
5 verbose stack     at C:\Users\renhongl\AppData\Roaming\npm\node_modules\npm\node_modules\graceful-fs\graceful-fs.js:78:16
5 verbose stack     at tryToString (fs.js:455:3)
5 verbose stack     at FSReqWrap.readFileAfterClose [as oncomplete] (fs.js:442:12)
6 verbose cwd C:\Users\renhongl\Documents\A-Documents\Summary
7 error Windows_NT 6.1.7601
8 error argv "D:\\Program Files\\nodejs\\node.exe" "C:\\Users\\renhongl\\AppData\\Roaming\\npm\\node_modules\\npm\\bin\\npm-cli.js" "run" "webpack"
9 error node v6.9.5
10 error npm  v4.0.5
11 error missing script: webpack
12 error If you need help, you may report this error at:
12 error     <https://github.com/npm/npm/issues>
13 verbose exit [ 1, true ]
