0 info it worked if it ends with ok
1 verbose cli [ 'D:\\Program Files\\nodejs\\node.exe',
1 verbose cli   'C:\\Users\\renhongl\\AppData\\Roaming\\npm\\node_modules\\npm\\bin\\npm-cli.js',
1 verbose cli   'run',
1 verbose cli   'pro' ]
2 info using npm@4.0.5
3 info using node@v6.9.5
4 verbose run-script [ 'prepro', 'pro', 'postpro' ]
5 info lifecycle react-redux-demo@1.0.0~prepro: react-redux-demo@1.0.0
6 silly lifecycle react-redux-demo@1.0.0~prepro: no script for prepro, continuing
7 info lifecycle react-redux-demo@1.0.0~pro: react-redux-demo@1.0.0
8 verbose lifecycle react-redux-demo@1.0.0~pro: unsafe-perm in lifecycle true
9 verbose lifecycle react-redux-demo@1.0.0~pro: PATH: C:\Users\renhongl\AppData\Roaming\npm\node_modules\npm\bin\node-gyp-bin;C:\Users\renhongl\Documents\A-Documents\Summary\demo\redux-react-demo\node_modules\.bin;C:\Program Files\Git\mingw64\bin;C:\Program Files\Git\usr\bin;C:\Users\renhongl\bin;C:\ProgramData\Oracle\Java\javapath;C:\Program Files\Common Files\Microsoft Shared\Windows Live;C:\Program Files (x86)\Common Files\Microsoft Shared\Windows Live;C:\Program Files (x86)\Intel\iCLS Client;C:\Program Files\Intel\iCLS Client;C:\Windows\system32;C:\Windows;C:\Windows\System32\Wbem;C:\Windows\System32\WindowsPowerShell\v1.0;C:\Program Files\Intel\Intel(R) Management Engine Components\DAL;C:\Program Files\Intel\Intel(R) Management Engine Components\IPT;C:\Program Files (x86)\Intel\Intel(R) Management Engine Components\DAL;C:\Program Files (x86)\Intel\Intel(R) Management Engine Components\IPT;C:\Program Files (x86)\Security Innovation\SI TSS\bin;C:\Program Files (x86)\Windows Live\Shared;C:\Program Files\TortoiseSVN\bin;D:\apache-maven-3.3.3\bin;C:\Program Files\Java\jre7\bin;C:\Program Files\MySQL\MySQL Server 5.5\bin;D:\UsefulData\apache-tomcat-7.0.63\bin;D:\Program Files\nodejs;D:\Program Files\nodejs;D:\Program Files\Java\jdk1.8.0_73\bin;C:\Users\renhongl\Downloads\phantomjs-2.1.1-windows\phantomjs-2.1.1-windows\bin;C:\C;C:\Program Files\Git\Program Files\Git\cmd;C:\Program Files (x86)\Tencent\QQ\Bin;C:\Program Files\Sublime Text 2;D:\links\apps\applicationPlatform\AP-win32-x64;C:\Program Files (x86)\Google\Chrome\Application;D:\UsefulData\apache-tomcat-7.0.63\apache-tomcat-7.0.63\bin;C:\Program Files\MongoDB\Server\3.2\bin;C:\Users\renhongl\Downloads\jx_win64v8\jx_win64v8;C:\cmder;C:\Program Files\Git\cmd;D:\Vim\vim80;D:\Program Files\nodejs;C:\Users\renhongl\AppData\Local\Programs\Python\Python35-32\Scripts;C:\Users\renhongl\AppData\Local\Programs\Python\Python35-32;C:\Program Files (x86)\Microsoft VS Code\bin;C:\Users\renhongl\AppData\Roaming\npm
10 verbose lifecycle react-redux-demo@1.0.0~pro: CWD: C:\Users\renhongl\Documents\A-Documents\Summary\demo\redux-react-demo
11 silly lifecycle react-redux-demo@1.0.0~pro: Args: [ '/d /s /c',
11 silly lifecycle   'cross-env NODE_ENV=production PLATFORM=web webpack --progress --colors --optimize-minimize' ]
12 silly lifecycle react-redux-demo@1.0.0~pro: Returned: code: 2  signal: null
13 info lifecycle react-redux-demo@1.0.0~pro: Failed to exec pro script
14 verbose stack Error: react-redux-demo@1.0.0 pro: `cross-env NODE_ENV=production PLATFORM=web webpack --progress --colors --optimize-minimize`
14 verbose stack Exit status 2
14 verbose stack     at EventEmitter.<anonymous> (C:\Users\renhongl\AppData\Roaming\npm\node_modules\npm\lib\utils\lifecycle.js:279:16)
14 verbose stack     at emitTwo (events.js:106:13)
14 verbose stack     at EventEmitter.emit (events.js:191:7)
14 verbose stack     at ChildProcess.<anonymous> (C:\Users\renhongl\AppData\Roaming\npm\node_modules\npm\lib\utils\spawn.js:40:14)
14 verbose stack     at emitTwo (events.js:106:13)
14 verbose stack     at ChildProcess.emit (events.js:191:7)
14 verbose stack     at maybeClose (internal/child_process.js:877:16)
14 verbose stack     at Process.ChildProcess._handle.onexit (internal/child_process.js:226:5)
15 verbose pkgid react-redux-demo@1.0.0
16 verbose cwd C:\Users\renhongl\Documents\A-Documents\Summary\demo\redux-react-demo
17 error Windows_NT 6.1.7601
18 error argv "D:\\Program Files\\nodejs\\node.exe" "C:\\Users\\renhongl\\AppData\\Roaming\\npm\\node_modules\\npm\\bin\\npm-cli.js" "run" "pro"
19 error node v6.9.5
20 error npm  v4.0.5
21 error code ELIFECYCLE
22 error react-redux-demo@1.0.0 pro: `cross-env NODE_ENV=production PLATFORM=web webpack --progress --colors --optimize-minimize`
22 error Exit status 2
23 error Failed at the react-redux-demo@1.0.0 pro script 'cross-env NODE_ENV=production PLATFORM=web webpack --progress --colors --optimize-minimize'.
23 error Make sure you have the latest version of node.js and npm installed.
23 error If you do, this is most likely a problem with the react-redux-demo package,
23 error not with npm itself.
23 error Tell the author that this fails on your system:
23 error     cross-env NODE_ENV=production PLATFORM=web webpack --progress --colors --optimize-minimize
23 error You can get information on how to open an issue for this project with:
23 error     npm bugs react-redux-demo
23 error Or if that isn't available, you can get their info via:
23 error     npm owner ls react-redux-demo
23 error There is likely additional logging output above.
24 verbose exit [ 1, true ]
